<?xml version="1.0" encoding="UTF-8"?>
<testsuite xmlns:xsi="http://www.w3.org/2001/XMLSchema-instance" xsi:schemaLocation="https://maven.apache.org/surefire/maven-surefire-plugin/xsd/surefire-test-report.xsd" name="models.UserTest" time="0.069" tests="10" errors="0" skipped="0" failures="1">
  <properties>
[...]
</properties>
  <testcase name="getIdDeptreturnsIdDeptCorrectly_Int" classname="models.UserTest" time="0.004"/>
  <testcase name="setSectionIdSetsCorrectSectionId" classname="models.UserTest" time="0"/>
  <testcase name="setPositionSetsCorrectPosition" classname="models.UserTest" time="0"/>
  <testcase name="getNameReturnsNameCorrectly_String" classname="models.UserTest" time="0"/>
  <testcase name="setRoleSetsCorrectRole" classname="models.UserTest" time="0.001"/>
  <testcase name="departmentInstantiatesCorrectly_true" classname="models.UserTest" time="0"/>
  <testcase name="departmentReturnsTrueIfNameAndDetailsAndTotalEmployeesAreSame" classname="models.UserTest" time="0"/>
  <testcase name="getRoleReturnsRoleCorrectly_String" classname="models.UserTest" time="0.009">
    <failure message="expected:&lt;Book [k]eeping&gt; but was:&lt;Book [K]eeping&gt;" type="org.junit.ComparisonFailure"><![CDATA[org.junit.ComparisonFailure: expected:<Book [k]eeping> but was:<Book [K]eeping>
	at models.UserTest.getRoleReturnsRoleCorrectly_String(UserTest.java:35)
]]></failure>
  </testcase>
  <testcase name="getPositionReturnsPositionCorrectly_String" classname="models.UserTest" time="0"/>
  <testcase name="setNameSetsCorrectName" classname="models.UserTest" time="0"/>
</testsuite>